This is pdfTeX, Version 3.14159265-2.6-1.40.15 (TeX Live 2014) (preloaded format=pdflatex 2014.9.2)  4 SEP 2014 13:25
entering extended mode
 restricted \write18 enabled.
 Source specials enabled.
 %&-line parsing enabled.
**eyesj_trCH1CH2.tex
(./eyesj_trCH1CH2.tex
LaTeX2e <2014/05/01>
Babel <3.9k> and hyphenation patterns for 43 languages loaded.
(/usr/local/texlive/2014/texmf-dist/tex/latex/base/book.cls
Document Class: book 2007/10/19 v1.4h Standard LaTeX document class
(/usr/local/texlive/2014/texmf-dist/tex/latex/base/bk10.clo
File: bk10.clo 2007/10/19 v1.4h Standard LaTeX file (size option)
)
\c@part=\count79
\c@chapter=\count80
\c@section=\count81
\c@subsection=\count82
\c@subsubsection=\count83
\c@paragraph=\count84
\c@subparagraph=\count85
\c@figure=\count86
\c@table=\count87
\abovecaptionskip=\skip41
\belowcaptionskip=\skip42
\bibindent=\dimen102
)
(/usr/local/texlive/2014/texmf-dist/tex/generic/babel/babel.sty
Package: babel 2014/03/24 3.9k The Babel package

(/usr/local/texlive/2014/texmf-dist/tex/generic/babel-english/english.ldf
Language: english 2012/08/20 v3.3p English support from the babel system

(/usr/local/texlive/2014/texmf-dist/tex/generic/babel/babel.def
File: babel.def 2014/03/24 3.9k Babel common definitions
\babel@savecnt=\count88
\U@D=\dimen103
)
\l@canadian = a dialect from \language\l@american 
\l@australian = a dialect from \language\l@british 
\l@newzealand = a dialect from \language\l@british 
)
(/usr/local/texlive/2014/texmf-dist/tex/generic/babel-turkish/turkish.ldf
Language: turkish 2014/03/22 v1.3b Turkish support from the babel system
Package babel Info: Making : an active character on input line 163.
Package babel Info: Making ! an active character on input line 164.
Package babel Info: Making = an active character on input line 194.
))
(/usr/local/texlive/2014/texmf-dist/tex/latex/base/inputenc.sty
Package: inputenc 2014/04/30 v1.2b Input encoding file
\inpenc@prehook=\toks14
\inpenc@posthook=\toks15

(/usr/local/texlive/2014/texmf-dist/tex/latex/base/utf8.def
File: utf8.def 2008/04/05 v1.1m UTF-8 support for inputenc
Now handling font encoding OML ...
... no UTF-8 mapping file for font encoding OML
Now handling font encoding T1 ...
... processing UTF-8 mapping file for font encoding T1

(/usr/local/texlive/2014/texmf-dist/tex/latex/base/t1enc.dfu
File: t1enc.dfu 2008/04/05 v1.1m UTF-8 support for inputenc
   defining Unicode char U+00A1 (decimal 161)
   defining Unicode char U+00A3 (decimal 163)
   defining Unicode char U+00AB (decimal 171)
   defining Unicode char U+00BB (decimal 187)
   defining Unicode char U+00BF (decimal 191)
   defining Unicode char U+00C0 (decimal 192)
   defining Unicode char U+00C1 (decimal 193)
   defining Unicode char U+00C2 (decimal 194)
   defining Unicode char U+00C3 (decimal 195)
   defining Unicode char U+00C4 (decimal 196)
   defining Unicode char U+00C5 (decimal 197)
   defining Unicode char U+00C6 (decimal 198)
   defining Unicode char U+00C7 (decimal 199)
   defining Unicode char U+00C8 (decimal 200)
   defining Unicode char U+00C9 (decimal 201)
   defining Unicode char U+00CA (decimal 202)
   defining Unicode char U+00CB (decimal 203)
   defining Unicode char U+00CC (decimal 204)
   defining Unicode char U+00CD (decimal 205)
   defining Unicode char U+00CE (decimal 206)
   defining Unicode char U+00CF (decimal 207)
   defining Unicode char U+00D0 (decimal 208)
   defining Unicode char U+00D1 (decimal 209)
   defining Unicode char U+00D2 (decimal 210)
   defining Unicode char U+00D3 (decimal 211)
   defining Unicode char U+00D4 (decimal 212)
   defining Unicode char U+00D5 (decimal 213)
   defining Unicode char U+00D6 (decimal 214)
   defining Unicode char U+00D8 (decimal 216)
   defining Unicode char U+00D9 (decimal 217)
   defining Unicode char U+00DA (decimal 218)
   defining Unicode char U+00DB (decimal 219)
   defining Unicode char U+00DC (decimal 220)
   defining Unicode char U+00DD (decimal 221)
   defining Unicode char U+00DE (decimal 222)
   defining Unicode char U+00DF (decimal 223)
   defining Unicode char U+00E0 (decimal 224)
   defining Unicode char U+00E1 (decimal 225)
   defining Unicode char U+00E2 (decimal 226)
   defining Unicode char U+00E3 (decimal 227)
   defining Unicode char U+00E4 (decimal 228)
   defining Unicode char U+00E5 (decimal 229)
   defining Unicode char U+00E6 (decimal 230)
   defining Unicode char U+00E7 (decimal 231)
   defining Unicode char U+00E8 (decimal 232)
   defining Unicode char U+00E9 (decimal 233)
   defining Unicode char U+00EA (decimal 234)
   defining Unicode char U+00EB (decimal 235)
   defining Unicode char U+00EC (decimal 236)
   defining Unicode char U+00ED (decimal 237)
   defining Unicode char U+00EE (decimal 238)
   defining Unicode char U+00EF (decimal 239)
   defining Unicode char U+00F0 (decimal 240)
   defining Unicode char U+00F1 (decimal 241)
   defining Unicode char U+00F2 (decimal 242)
   defining Unicode char U+00F3 (decimal 243)
   defining Unicode char U+00F4 (decimal 244)
   defining Unicode char U+00F5 (decimal 245)
   defining Unicode char U+00F6 (decimal 246)
   defining Unicode char U+00F8 (decimal 248)
   defining Unicode char U+00F9 (decimal 249)
   defining Unicode char U+00FA (decimal 250)
   defining Unicode char U+00FB (decimal 251)
   defining Unicode char U+00FC (decimal 252)
   defining Unicode char U+00FD (decimal 253)
   defining Unicode char U+00FE (decimal 254)
   defining Unicode char U+00FF (decimal 255)
   defining Unicode char U+0102 (decimal 258)
   defining Unicode char U+0103 (decimal 259)
   defining Unicode char U+0104 (decimal 260)
   defining Unicode char U+0105 (decimal 261)
   defining Unicode char U+0106 (decimal 262)
   defining Unicode char U+0107 (decimal 263)
   defining Unicode char U+010C (decimal 268)
   defining Unicode char U+010D (decimal 269)
   defining Unicode char U+010E (decimal 270)
   defining Unicode char U+010F (decimal 271)
   defining Unicode char U+0110 (decimal 272)
   defining Unicode char U+0111 (decimal 273)
   defining Unicode char U+0118 (decimal 280)
   defining Unicode char U+0119 (decimal 281)
   defining Unicode char U+011A (decimal 282)
   defining Unicode char U+011B (decimal 283)
   defining Unicode char U+011E (decimal 286)
   defining Unicode char U+011F (decimal 287)
   defining Unicode char U+0130 (decimal 304)
   defining Unicode char U+0131 (decimal 305)
   defining Unicode char U+0132 (decimal 306)
   defining Unicode char U+0133 (decimal 307)
   defining Unicode char U+0139 (decimal 313)
   defining Unicode char U+013A (decimal 314)
   defining Unicode char U+013D (decimal 317)
   defining Unicode char U+013E (decimal 318)
   defining Unicode char U+0141 (decimal 321)
   defining Unicode char U+0142 (decimal 322)
   defining Unicode char U+0143 (decimal 323)
   defining Unicode char U+0144 (decimal 324)
   defining Unicode char U+0147 (decimal 327)
   defining Unicode char U+0148 (decimal 328)
   defining Unicode char U+014A (decimal 330)
   defining Unicode char U+014B (decimal 331)
   defining Unicode char U+0150 (decimal 336)
   defining Unicode char U+0151 (decimal 337)
   defining Unicode char U+0152 (decimal 338)
   defining Unicode char U+0153 (decimal 339)
   defining Unicode char U+0154 (decimal 340)
   defining Unicode char U+0155 (decimal 341)
   defining Unicode char U+0158 (decimal 344)
   defining Unicode char U+0159 (decimal 345)
   defining Unicode char U+015A (decimal 346)
   defining Unicode char U+015B (decimal 347)
   defining Unicode char U+015E (decimal 350)
   defining Unicode char U+015F (decimal 351)
   defining Unicode char U+0160 (decimal 352)
   defining Unicode char U+0161 (decimal 353)
   defining Unicode char U+0162 (decimal 354)
   defining Unicode char U+0163 (decimal 355)
   defining Unicode char U+0164 (decimal 356)
   defining Unicode char U+0165 (decimal 357)
   defining Unicode char U+016E (decimal 366)
   defining Unicode char U+016F (decimal 367)
   defining Unicode char U+0170 (decimal 368)
   defining Unicode char U+0171 (decimal 369)
   defining Unicode char U+0178 (decimal 376)
   defining Unicode char U+0179 (decimal 377)
   defining Unicode char U+017A (decimal 378)
   defining Unicode char U+017B (decimal 379)
   defining Unicode char U+017C (decimal 380)
   defining Unicode char U+017D (decimal 381)
   defining Unicode char U+017E (decimal 382)
   defining Unicode char U+200C (decimal 8204)
   defining Unicode char U+2013 (decimal 8211)
   defining Unicode char U+2014 (decimal 8212)
   defining Unicode char U+2018 (decimal 8216)
   defining Unicode char U+2019 (decimal 8217)
   defining Unicode char U+201A (decimal 8218)
   defining Unicode char U+201C (decimal 8220)
   defining Unicode char U+201D (decimal 8221)
   defining Unicode char U+201E (decimal 8222)
   defining Unicode char U+2030 (decimal 8240)
   defining Unicode char U+2031 (decimal 8241)
   defining Unicode char U+2039 (decimal 8249)
   defining Unicode char U+203A (decimal 8250)
   defining Unicode char U+2423 (decimal 9251)
)
Now handling font encoding OT1 ...
... processing UTF-8 mapping file for font encoding OT1

(/usr/local/texlive/2014/texmf-dist/tex/latex/base/ot1enc.dfu
File: ot1enc.dfu 2008/04/05 v1.1m UTF-8 support for inputenc
   defining Unicode char U+00A1 (decimal 161)
   defining Unicode char U+00A3 (decimal 163)
   defining Unicode char U+00B8 (decimal 184)
   defining Unicode char U+00BF (decimal 191)
   defining Unicode char U+00C5 (decimal 197)
   defining Unicode char U+00C6 (decimal 198)
   defining Unicode char U+00D8 (decimal 216)
   defining Unicode char U+00DF (decimal 223)
   defining Unicode char U+00E6 (decimal 230)
   defining Unicode char U+00EC (decimal 236)
   defining Unicode char U+00ED (decimal 237)
   defining Unicode char U+00EE (decimal 238)
   defining Unicode char U+00EF (decimal 239)
   defining Unicode char U+00F8 (decimal 248)
   defining Unicode char U+0131 (decimal 305)
   defining Unicode char U+0141 (decimal 321)
   defining Unicode char U+0142 (decimal 322)
   defining Unicode char U+0152 (decimal 338)
   defining Unicode char U+0153 (decimal 339)
   defining Unicode char U+2013 (decimal 8211)
   defining Unicode char U+2014 (decimal 8212)
   defining Unicode char U+2018 (decimal 8216)
   defining Unicode char U+2019 (decimal 8217)
   defining Unicode char U+201C (decimal 8220)
   defining Unicode char U+201D (decimal 8221)
)
Now handling font encoding OMS ...
... processing UTF-8 mapping file for font encoding OMS

(/usr/local/texlive/2014/texmf-dist/tex/latex/base/omsenc.dfu
File: omsenc.dfu 2008/04/05 v1.1m UTF-8 support for inputenc
   defining Unicode char U+00A7 (decimal 167)
   defining Unicode char U+00B6 (decimal 182)
   defining Unicode char U+00B7 (decimal 183)
   defining Unicode char U+2020 (decimal 8224)
   defining Unicode char U+2021 (decimal 8225)
   defining Unicode char U+2022 (decimal 8226)
)
Now handling font encoding OMX ...
... no UTF-8 mapping file for font encoding OMX
Now handling font encoding U ...
... no UTF-8 mapping file for font encoding U
   defining Unicode char U+00A9 (decimal 169)
   defining Unicode char U+00AA (decimal 170)
   defining Unicode char U+00AE (decimal 174)
   defining Unicode char U+00BA (decimal 186)
   defining Unicode char U+02C6 (decimal 710)
   defining Unicode char U+02DC (decimal 732)
   defining Unicode char U+200C (decimal 8204)
   defining Unicode char U+2026 (decimal 8230)
   defining Unicode char U+2122 (decimal 8482)
   defining Unicode char U+2423 (decimal 9251)
))
(/usr/local/texlive/2014/texmf-dist/tex/latex/base/fontenc.sty
Package: fontenc 2005/09/27 v1.99g Standard LaTeX package

(/usr/local/texlive/2014/texmf-dist/tex/latex/base/t1enc.def
File: t1enc.def 2005/09/27 v1.99g Standard LaTeX file
LaTeX Font Info:    Redeclaring font encoding T1 on input line 43.
))
(/usr/local/texlive/2014/texmf-dist/tex/latex/amsfonts/amssymb.sty
Package: amssymb 2013/01/14 v3.01 AMS font symbols

(/usr/local/texlive/2014/texmf-dist/tex/latex/amsfonts/amsfonts.sty
Package: amsfonts 2013/01/14 v3.01 Basic AMSFonts support
\@emptytoks=\toks16
\symAMSa=\mathgroup4
\symAMSb=\mathgroup5
LaTeX Font Info:    Overwriting math alphabet `\mathfrak' in version `bold'
(Font)                  U/euf/m/n --> U/euf/b/n on input line 106.
))
(/usr/local/texlive/2014/texmf-dist/tex/latex/xkeyval/xkeyval.sty
Package: xkeyval 2014/05/09 v2.6d package option processing (HA)

(/usr/local/texlive/2014/texmf-dist/tex/generic/xkeyval/xkeyval.tex
\XKV@toks=\toks17
\XKV@tempa@toks=\toks18
\XKV@depth=\count89
File: xkeyval.tex 2014/05/09 v2.6d key=value parser (HA)

(/usr/local/texlive/2014/texmf-dist/tex/generic/xkeyval/keyval.tex)))
(/usr/local/texlive/2014/texmf-dist/tex/latex/graphics/graphicx.sty
Package: graphicx 2014/04/25 v1.0g Enhanced LaTeX Graphics (DPC,SPQR)

(/usr/local/texlive/2014/texmf-dist/tex/latex/graphics/graphics.sty
Package: graphics 2009/02/05 v1.0o Standard LaTeX Graphics (DPC,SPQR)

(/usr/local/texlive/2014/texmf-dist/tex/latex/graphics/trig.sty
Package: trig 1999/03/16 v1.09 sin cos tan (DPC)
)
(/usr/local/texlive/2014/texmf-dist/tex/latex/latexconfig/graphics.cfg
File: graphics.cfg 2010/04/23 v1.9 graphics configuration of TeX Live
)
Package graphics Info: Driver file: pdftex.def on input line 91.

(/usr/local/texlive/2014/texmf-dist/tex/latex/pdftex-def/pdftex.def
File: pdftex.def 2011/05/27 v0.06d Graphics/color for pdfTeX

(/usr/local/texlive/2014/texmf-dist/tex/generic/oberdiek/infwarerr.sty
Package: infwarerr 2010/04/08 v1.3 Providing info/warning/error messages (HO)
)
(/usr/local/texlive/2014/texmf-dist/tex/generic/oberdiek/ltxcmds.sty
Package: ltxcmds 2011/11/09 v1.22 LaTeX kernel commands for general use (HO)
)
\Gread@gobject=\count90
))
\Gin@req@height=\dimen104
\Gin@req@width=\dimen105
)
(/usr/local/texlive/2014/texmf-dist/tex/latex/wrapfig/wrapfig.sty
\wrapoverhang=\dimen106
\WF@size=\dimen107
\c@WF@wrappedlines=\count91
\WF@box=\box26
\WF@everypar=\toks19
Package: wrapfig 2003/01/31  v 3.6
)
(./eyesj_trCH1CH2.aux)
\openout1 = `eyesj_trCH1CH2.aux'.

LaTeX Font Info:    Checking defaults for OML/cmm/m/it on input line 43.
LaTeX Font Info:    ... okay on input line 43.
LaTeX Font Info:    Checking defaults for T1/cmr/m/n on input line 43.
LaTeX Font Info:    ... okay on input line 43.
LaTeX Font Info:    Checking defaults for OT1/cmr/m/n on input line 43.
LaTeX Font Info:    ... okay on input line 43.
LaTeX Font Info:    Checking defaults for OMS/cmsy/m/n on input line 43.
LaTeX Font Info:    ... okay on input line 43.
LaTeX Font Info:    Checking defaults for OMX/cmex/m/n on input line 43.
LaTeX Font Info:    ... okay on input line 43.
LaTeX Font Info:    Checking defaults for U/cmr/m/n on input line 43.
LaTeX Font Info:    ... okay on input line 43.

(/usr/local/texlive/2014/texmf-dist/tex/context/base/supp-pdf.mkii
[Loading MPS to PDF converter (version 2006.09.02).]
\scratchcounter=\count92
\scratchdimen=\dimen108
\scratchbox=\box27
\nofMPsegments=\count93
\nofMParguments=\count94
\everyMPshowfont=\toks20
\MPscratchCnt=\count95
\MPscratchDim=\dimen109
\MPnumerator=\count96
\makeMPintoPDFobject=\count97
\everyMPtoPDFconversion=\toks21
) (/usr/local/texlive/2014/texmf-dist/tex/generic/oberdiek/pdftexcmds.sty
Package: pdftexcmds 2011/11/29 v0.20 Utility functions of pdfTeX for LuaTeX (HO
)

(/usr/local/texlive/2014/texmf-dist/tex/generic/oberdiek/ifluatex.sty
Package: ifluatex 2010/03/01 v1.3 Provides the ifluatex switch (HO)
Package ifluatex Info: LuaTeX not detected.
)
(/usr/local/texlive/2014/texmf-dist/tex/generic/oberdiek/ifpdf.sty
Package: ifpdf 2011/01/30 v2.3 Provides the ifpdf switch (HO)
Package ifpdf Info: pdfTeX in PDF mode is detected.
)
Package pdftexcmds Info: LuaTeX not detected.
Package pdftexcmds Info: \pdf@primitive is available.
Package pdftexcmds Info: \pdf@ifprimitive is available.
Package pdftexcmds Info: \pdfdraftmode found.
)
(/usr/local/texlive/2014/texmf-dist/tex/latex/oberdiek/epstopdf-base.sty
Package: epstopdf-base 2010/02/09 v2.5 Base part for package epstopdf

(/usr/local/texlive/2014/texmf-dist/tex/latex/oberdiek/grfext.sty
Package: grfext 2010/08/19 v1.1 Manage graphics extensions (HO)

(/usr/local/texlive/2014/texmf-dist/tex/generic/oberdiek/kvdefinekeys.sty
Package: kvdefinekeys 2011/04/07 v1.3 Define keys (HO)
))
(/usr/local/texlive/2014/texmf-dist/tex/latex/oberdiek/kvoptions.sty
Package: kvoptions 2011/06/30 v3.11 Key value format for package options (HO)

(/usr/local/texlive/2014/texmf-dist/tex/generic/oberdiek/kvsetkeys.sty
Package: kvsetkeys 2012/04/25 v1.16 Key value parser (HO)

(/usr/local/texlive/2014/texmf-dist/tex/generic/oberdiek/etexcmds.sty
Package: etexcmds 2011/02/16 v1.5 Avoid name clashes with e-TeX commands (HO)
Package etexcmds Info: Could not find \expanded.
(etexcmds)             That can mean that you are not using pdfTeX 1.50 or
(etexcmds)             that some package has redefined \expanded.
(etexcmds)             In the latter case, load this package earlier.
)))
Package grfext Info: Graphics extension search list:
(grfext)             [.png,.pdf,.jpg,.mps,.jpeg,.jbig2,.jb2,.PNG,.PDF,.JPG,.JPE
G,.JBIG2,.JB2,.eps]
(grfext)             \AppendGraphicsExtensions on input line 452.

(/usr/local/texlive/2014/texmf-dist/tex/latex/latexconfig/epstopdf-sys.cfg
File: epstopdf-sys.cfg 2010/07/13 v1.3 Configuration of (r)epstopdf for TeX Liv
e
))
<pics/ej-with-netbook-hr.jpg, id=1, 3452.9pt x 3340.48pt>
File: pics/ej-with-netbook-hr.jpg Graphic file (type jpg)

<use pics/ej-with-netbook-hr.jpg>
Package pdftex.def Info: pics/ej-with-netbook-hr.jpg used on input line 57.
(pdftex.def)             Requested size: 142.26378pt x 137.6232pt.
 [1

{/usr/local/texlive/2014/texmf-var/fonts/map/pdftex/updmap/pdftex.map} <./pics/
ej-with-netbook-hr.jpg>] [2]
(./eyesj_trCH1CH2.toc
LaTeX Font Info:    Try loading font information for U+msa on input line 3.

(/usr/local/texlive/2014/texmf-dist/tex/latex/amsfonts/umsa.fd
File: umsa.fd 2013/01/14 v3.01 AMS symbols A
)
LaTeX Font Info:    Try loading font information for U+msb on input line 3.

(/usr/local/texlive/2014/texmf-dist/tex/latex/amsfonts/umsb.fd
File: umsb.fd 2013/01/14 v3.01 AMS symbols B
))
\tf@toc=\write3
\openout3 = `eyesj_trCH1CH2.toc'.

 [3

] [4

]
B\"ol\"um 1.
[5] <pics/top-panel.png, id=29, 131.0496pt x 205.7286pt>
File: pics/top-panel.png Graphic file (type png)

<use pics/top-panel.png>
Package pdftex.def Info: pics/top-panel.png used on input line 200.
(pdftex.def)             Requested size: 163.1257pt x 256.0748pt.

Underfull \vbox (badness 1675) has occurred while \output is active []

 [6 <./pics/top-panel.png>] [7]
LaTeX Font Info:    Try loading font information for OMS+cmr on input line 327.


(/usr/local/texlive/2014/texmf-dist/tex/latex/base/omscmr.fd
File: omscmr.fd 1999/05/25 v2.5h Standard LaTeX font definitions
)
LaTeX Font Info:    Font shape `OMS/cmr/m/n' in size <10> not available
(Font)              Font shape `OMS/cmsy/m/n' tried instead on input line 327.
 [8]
LaTeX Font Info:    Try loading font information for T1+cmtt on input line 371.


(/usr/local/texlive/2014/texmf-dist/tex/latex/base/t1cmtt.fd
File: t1cmtt.fd 1999/05/25 v2.5h Standard LaTeX font definitions
) [9]
<pics/benchmark.png, id=54, 718.93594pt x 341.77687pt>
File: pics/benchmark.png Graphic file (type png)

<use pics/benchmark.png>
Package pdftex.def Info: pics/benchmark.png used on input line 411.
(pdftex.def)             Requested size: 312.9803pt x 148.79167pt.
 [10 <./pics/benchmark.png>] [11] [12] [13] [14

]
B\"ol\"um 2.
<schematics/measure-dc.png, id=72, 170.6375pt x 32.12pt>
File: schematics/measure-dc.png Graphic file (type png)

<use schematics/measure-dc.png>
Package pdftex.def Info: schematics/measure-dc.png used on input line 583.
(pdftex.def)             Requested size: 151.15868pt x 28.45274pt.
 [15 <./schematics/measure-dc.png>]
<schematics/resistors.png, id=78, 260.975pt x 38.1425pt>
File: schematics/resistors.png Graphic file (type png)

<use schematics/resistors.png>
Package pdftex.def Info: schematics/resistors.png used on input line 625.
(pdftex.def)             Requested size: 155.74597pt x 22.76228pt.
 [16 <./schematics/resistors.png>]
<schematics/ccs-calib.png, id=92, 188.705pt x 32.12pt>
File: schematics/ccs-calib.png Graphic file (type png)

<use schematics/ccs-calib.png>
Package pdftex.def Info: schematics/ccs-calib.png used on input line 675.
(pdftex.def)             Requested size: 133.73097pt x 22.76228pt.

<schematics/res-series.png, id=93, 266.9975pt x 32.12pt>
File: schematics/res-series.png Graphic file (type png)

<use schematics/res-series.png>
Package pdftex.def Info: schematics/res-series.png used on input line 702.
(pdftex.def)             Requested size: 189.21509pt x 22.76228pt.
 [17 <./schematics/ccs-calib.png> <./schematics/res-series.png>] <schematics/re
s-parallel.png, id=99, 194.7275pt x 62.2325pt>
File: schematics/res-parallel.png Graphic file (type png)

<use schematics/res-parallel.png>
Package pdftex.def Info: schematics/res-parallel.png used on input line 741.
(pdftex.def)             Requested size: 89.03197pt x 28.45274pt.

<schematics/res-compare.png, id=100, 218.8175pt x 32.12pt>
File: schematics/res-compare.png Graphic file (type png)

<use schematics/res-compare.png>
Package pdftex.def Info: schematics/res-compare.png used on input line 779.
(pdftex.def)             Requested size: 155.07101pt x 22.76228pt.
 [18 <./schematics/res-parallel.png> <./schematics/res-compare.png>]
<schematics/lemon-cell.png, id=106, 291.0875pt x 105.39375pt>
File: schematics/lemon-cell.png Graphic file (type png)

<use schematics/lemon-cell.png>
Package pdftex.def Info: schematics/lemon-cell.png used on input line 816.
(pdftex.def)             Requested size: 102.15752pt x 36.98866pt.

<pics/ad-dc.png, id=107, 499.8675pt x 328.97906pt>
File: pics/ad-dc.png Graphic file (type png)
 <use pics/ad-dc.png>
Package pdftex.def Info: pics/ad-dc.png used on input line 848.
(pdftex.def)             Requested size: 142.26378pt x 93.62949pt.

<pics/pickup.png, id=108, 724.95844pt x 365.86688pt>
File: pics/pickup.png Graphic file (type png)
 <use pics/pickup.png>
Package pdftex.def Info: pics/pickup.png used on input line 848.
(pdftex.def)             Requested size: 170.71652pt x 86.15178pt.

<schematics/ac-dc.png, id=109, 236.885pt x 32.12pt>
File: schematics/ac-dc.png Graphic file (type png)
 <use schematics/ac-dc.png>
Package pdftex.def Info: schematics/ac-dc.png used on input line 859.
(pdftex.def)             Requested size: 146.88885pt x 19.91684pt.

[19 <./schematics/lemon-cell.png>]
<schematics/line-pickup.png, id=115, 312.16624pt x 56.21pt>
File: schematics/line-pickup.png Graphic file (type png)

<use schematics/line-pickup.png>
Package pdftex.def Info: schematics/line-pickup.png used on input line 866.
(pdftex.def)             Requested size: 158.01662pt x 28.45274pt.

<pics/acdc-sep-screen.png, id=116, 496.85625pt x 328.22626pt>
File: pics/acdc-sep-screen.png Graphic file (type png)

<use pics/acdc-sep-screen.png>
Package pdftex.def Info: pics/acdc-sep-screen.png used on input line 897.
(pdftex.def)             Requested size: 170.71652pt x 112.7774pt.

<pics/body-resistance.png, id=117, 498.36188pt x 331.2375pt>
File: pics/body-resistance.png Graphic file (type png)

<use pics/body-resistance.png>
Package pdftex.def Info: pics/body-resistance.png used on input line 897.
(pdftex.def)             Requested size: 142.26378pt x 94.55528pt.

<schematics/acdc-separating.png, id=118, 333.245pt x 38.1425pt>
File: schematics/acdc-separating.png Graphic file (type png)

<use schematics/acdc-separating.png>
Package pdftex.def Info: schematics/acdc-separating.png used on input line 908.

(pdftex.def)             Requested size: 198.87561pt x 22.76228pt.
 [20 <./pics/ad-dc.png> <./pics/pickup.png> <./schematics/ac-dc.png> <./schemat
ics/line-pickup.png> <./schematics/acdc-separating.png>] <schematics/res-body.p
ng, id=127, 303.1325pt x 38.1425pt>
File: schematics/res-body.png Graphic file (type png)

<use schematics/res-body.png>
Package pdftex.def Info: schematics/res-body.png used on input line 942.
(pdftex.def)             Requested size: 180.90494pt x 22.76228pt.
 [21 <./pics/acdc-sep-screen.png> <./pics/body-resistance.png> <./schematics/re
s-body.png>]
Overfull \hbox (6.48984pt too wide) in paragraph at lines 961--963
[]\T1/cmr/m/n/10 Show the de-pen-dence of re-sis-tance on tem-pe-ra-ture, using
 a thermistor,$\OT1/cmr/m/n/10 1\OML/cmm/m/it/10 k\OT1/cmr/m/n/10 
@25[]\OML/cmm/m/it/10 C$\T1/cmr/m/n/10 ,
 []

<schematics/thermistor.png, id=134, 188.705pt x 32.12pt>
File: schematics/thermistor.png Graphic file (type png)

<use schematics/thermistor.png>
Package pdftex.def Info: schematics/thermistor.png used on input line 967.
(pdftex.def)             Requested size: 133.73097pt x 22.76228pt.

<schematics/ldr.png, id=135, 381.425pt x 38.1425pt>
File: schematics/ldr.png Graphic file (type png)
 <use schematics/ldr.png>
Package pdftex.def Info: schematics/ldr.png used on input line 999.
(pdftex.def)             Requested size: 227.62872pt x 22.76228pt.

[22 <./schematics/thermistor.png> <./schematics/ldr.png>]
<schematics/res-water.png, id=141, 321.2pt x 62.2325pt>
File: schematics/res-water.png Graphic file (type png)

<use schematics/res-water.png>
Package pdftex.def Info: schematics/res-water.png used on input line 1042.
(pdftex.def)             Requested size: 142.26378pt x 27.56375pt.

<pics/water-conduct.png, id=142, 496.10344pt x 325.96782pt>
File: pics/water-conduct.png Graphic file (type png)

<use pics/water-conduct.png>
Package pdftex.def Info: pics/water-conduct.png used on input line 1042.
(pdftex.def)             Requested size: 142.26378pt x 93.47379pt.
 [23 <./schematics/res-water.png> <./pics/water-conduct.png>] <schematics/measu
re-cap.png, id=147, 128.48pt x 32.12pt>
File: schematics/measure-cap.png Graphic file (type png)

<use schematics/measure-cap.png>
Package pdftex.def Info: schematics/measure-cap.png used on input line 1094.
(pdftex.def)             Requested size: 91.05087pt x 22.76228pt.
 [24 <./schematics/measure-cap.png>]
<schematics/rc-acphase.png, id=152, 285.065pt x 38.1425pt>
File: schematics/rc-acphase.png Graphic file (type png)

<use schematics/rc-acphase.png>
Package pdftex.def Info: schematics/rc-acphase.png used on input line 1169.
(pdftex.def)             Requested size: 170.12251pt x 22.76228pt.

Overfull \hbox (5.96985pt too wide) in paragraph at lines 1181--1184
[]\T1/cmr/m/n/10 The vol-tage wa-ve-form be-fore and af-ter the ca-pa-ci-tor ar
e shown in fi-gure 2.4[](a),and
 []

<pics/rc-phaseshift.png, id=153, 496.85625pt x 342.5297pt>
File: pics/rc-phaseshift.png Graphic file (type png)

<use pics/rc-phaseshift.png>
Package pdftex.def Info: pics/rc-phaseshift.png used on input line 1211.
(pdftex.def)             Requested size: 142.26378pt x 98.07668pt.

<pics/rl-phaseshift.png, id=154, 499.11469pt x 343.2825pt>
File: pics/rl-phaseshift.png Graphic file (type png)

<use pics/rl-phaseshift.png>
Package pdftex.def Info: pics/rl-phaseshift.png used on input line 1211.
(pdftex.def)             Requested size: 142.26378pt x 97.847pt.
 [25 <./schematics/rc-acphase.png>]
<schematics/rl-acphase.png, id=162, 285.065pt x 38.1425pt>
File: schematics/rl-acphase.png Graphic file (type png)

<use schematics/rl-acphase.png>
Package pdftex.def Info: schematics/rl-acphase.png used on input line 1233.
(pdftex.def)             Requested size: 170.12251pt x 22.76228pt.
 [26 <./pics/rc-phaseshift.png> <./pics/rl-phaseshift.png> <./schematics/rl-acp
hase.png>]
<schematics/RCcircuit.png, id=167, 236.885pt x 38.1425pt>
File: schematics/RCcircuit.png Graphic file (type png)

<use schematics/RCcircuit.png>
Package pdftex.def Info: schematics/RCcircuit.png used on input line 1277.
(pdftex.def)             Requested size: 141.36942pt x 22.76228pt.

<pics/RC-curves.png, id=168, 424.58624pt x 352.31625pt>
File: pics/RC-curves.png Graphic file (type png)

<use pics/RC-curves.png>
Package pdftex.def Info: pics/RC-curves.png used on input line 1291.
(pdftex.def)             Requested size: 142.26378pt x 118.04951pt.

<pics/cap-linear.png, id=169, 424.58624pt x 352.31625pt>
File: pics/cap-linear.png Graphic file (type png)

<use pics/cap-linear.png>
Package pdftex.def Info: pics/cap-linear.png used on input line 1291.
(pdftex.def)             Requested size: 142.26378pt x 118.04951pt.
 [27 <./pics/RC-curves.png> <./pics/cap-linear.png> <./schematics/RCcircuit.png
>]
<schematics/RLcircuit.png, id=174, 273.02pt x 38.1425pt>
File: schematics/RLcircuit.png Graphic file (type png)

<use schematics/RLcircuit.png>
Package pdftex.def Info: schematics/RLcircuit.png used on input line 1332.
(pdftex.def)             Requested size: 162.93425pt x 22.76228pt.

<pics/RL-curves.png, id=175, 430.60875pt x 373.395pt>
File: pics/RL-curves.png Graphic file (type png)
 <use pics/RL-curves.png>
Package pdftex.def Info: pics/RL-curves.png used on input line 1347.
(pdftex.def)             Requested size: 142.26378pt x 123.36316pt.

[28 <./pics/RL-curves.png> <./schematics/RLcircuit.png>]
<pics/RLC-curves.png, id=181, 452.4403pt x 329.73187pt>
File: pics/RLC-curves.png Graphic file (type png)

<use pics/RLC-curves.png>
Package pdftex.def Info: pics/RLC-curves.png used on input line 1386.
(pdftex.def)             Requested size: 142.26378pt x 103.67992pt.

<pics/RLC-curve-damped.png, id=182, 451.6875pt x 329.73187pt>
File: pics/RLC-curve-damped.png Graphic file (type png)

<use pics/RLC-curve-damped.png>
Package pdftex.def Info: pics/RLC-curve-damped.png used on input line 1386.
(pdftex.def)             Requested size: 142.26378pt x 103.85098pt.

<schematics/LCRcircuit.png, id=183, 230.8625pt x 38.1425pt>
File: schematics/LCRcircuit.png Graphic file (type png)

<use schematics/LCRcircuit.png>
Package pdftex.def Info: schematics/LCRcircuit.png used on input line 1396.
(pdftex.def)             Requested size: 137.77527pt x 22.76228pt.

<schematics/LCRRcircuit.png, id=184, 279.0425pt x 32.12pt>
File: schematics/LCRRcircuit.png Graphic file (type png)

<use schematics/LCRRcircuit.png>
Package pdftex.def Info: schematics/LCRRcircuit.png used on input line 1396.
(pdftex.def)             Requested size: 173.0301pt x 19.91684pt.

<schematics/rc-integ.png, id=185, 248.93pt x 38.1425pt>
File: schematics/rc-integ.png Graphic file (type png)

<use schematics/rc-integ.png>
Package pdftex.def Info: schematics/rc-integ.png used on input line 1426.
(pdftex.def)             Requested size: 148.5577pt x 22.76228pt.
 [29 <./pics/RLC-curves.png> <./pics/RLC-curve-damped.png> <./schematics/LCRcir
cuit.png> <./schematics/LCRRcircuit.png>]
<schematics/rc-diff.png, id=192, 248.93pt x 32.12pt>
File: schematics/rc-diff.png Graphic file (type png)

<use schematics/rc-diff.png>
Package pdftex.def Info: schematics/rc-diff.png used on input line 1434.
(pdftex.def)             Requested size: 176.41107pt x 22.76228pt.

<pics/rc-integ1khz.png, id=193, 499.8675pt x 329.73187pt>
File: pics/rc-integ1khz.png Graphic file (type png)

<use pics/rc-integ1khz.png>
Package pdftex.def Info: pics/rc-integ1khz.png used on input line 1441.
(pdftex.def)             Requested size: 142.26378pt x 93.84373pt.

<pics/rc-diff100Hz.png, id=194, 498.36188pt x 325.96782pt>
File: pics/rc-diff100Hz.png Graphic file (type png)

<use pics/rc-diff100Hz.png>
Package pdftex.def Info: pics/rc-diff100Hz.png used on input line 1441.
(pdftex.def)             Requested size: 142.26378pt x 93.051pt.

<schematics/ftran.png, id=195, 218.8175pt x 32.12pt>
File: schematics/ftran.png Graphic file (type png)

<use schematics/ftran.png>
Package pdftex.def Info: schematics/ftran.png used on input line 1466.
(pdftex.def)             Requested size: 155.07101pt x 22.76228pt.

<pics/fft-sine147Hz.png, id=196, 511.9125pt x 353.82187pt>
File: pics/fft-sine147Hz.png Graphic file (type png)

<use pics/fft-sine147Hz.png>
Package pdftex.def Info: pics/fft-sine147Hz.png used on input line 1477.
(pdftex.def)             Requested size: 142.26378pt x 98.32979pt.

<pics/fft-sqr150Hz.png, id=197, 511.9125pt x 353.82187pt>
File: pics/fft-sqr150Hz.png Graphic file (type png)

<use pics/fft-sqr150Hz.png>
Package pdftex.def Info: pics/fft-sqr150Hz.png used on input line 1477.
(pdftex.def)             Requested size: 142.26378pt x 98.32979pt.
 [30 <./pics/rc-integ1khz.png> <./pics/rc-diff100Hz.png> <./schematics/rc-integ
.png> <./schematics/rc-diff.png> <./schematics/ftran.png>] [31 <./pics/fft-sine
147Hz.png> <./pics/fft-sqr150Hz.png>]
(./eyesj_trCH1CH2.aux) ) 
Here is how much of TeX's memory you used:
 3319 strings out of 494213
 46297 string characters out of 6156308
 104045 words of memory out of 5000000
 6485 multiletter control sequences out of 15000+600000
 22438 words of font info for 53 fonts, out of 8000000 for 9000
 430 hyphenation exceptions out of 8191
 37i,10n,37p,667b,362s stack positions out of 5000i,500n,10000p,200000b,80000s
{/usr/local/texlive/2014/texmf-dist/fonts/enc/dvips/cm-
super/cm-super-t1.enc}</usr/local/texlive/2014/texmf-dist/fonts/type1/public/am
sfonts/cm/cmex10.pfb></usr/local/texlive/2014/texmf-dist/fonts/type1/public/ams
fonts/cm/cmmi10.pfb></usr/local/texlive/2014/texmf-dist/fonts/type1/public/amsf
onts/cm/cmmi5.pfb></usr/local/texlive/2014/texmf-dist/fonts/type1/public/amsfon
ts/cm/cmmi6.pfb></usr/local/texlive/2014/texmf-dist/fonts/type1/public/amsfonts
/cm/cmmi7.pfb></usr/local/texlive/2014/texmf-dist/fonts/type1/public/amsfonts/c
m/cmmi8.pfb></usr/local/texlive/2014/texmf-dist/fonts/type1/public/amsfonts/cm/
cmr10.pfb></usr/local/texlive/2014/texmf-dist/fonts/type1/public/amsfonts/cm/cm
r5.pfb></usr/local/texlive/2014/texmf-dist/fonts/type1/public/amsfonts/cm/cmr6.
pfb></usr/local/texlive/2014/texmf-dist/fonts/type1/public/amsfonts/cm/cmr7.pfb
></usr/local/texlive/2014/texmf-dist/fonts/type1/public/amsfonts/cm/cmr8.pfb></
usr/local/texlive/2014/texmf-dist/fonts/type1/public/amsfonts/cm/cmsy10.pfb></u
sr/local/texlive/2014/texmf-dist/fonts/type1/public/amsfonts/cm/cmsy7.pfb></usr
/local/texlive/2014/texmf-dist/fonts/type1/public/amsfonts/cm/cmsy8.pfb></usr/l
ocal/texlive/2014/texmf-dist/fonts/type1/public/amsfonts/symbols/msam10.pfb></u
sr/local/texlive/2014/texmf-dist/fonts/type1/public/cm-super/sfbi1000.pfb></usr
/local/texlive/2014/texmf-dist/fonts/type1/public/cm-super/sfbl1000.pfb></usr/l
ocal/texlive/2014/texmf-dist/fonts/type1/public/cm-super/sfbx1000.pfb></usr/loc
al/texlive/2014/texmf-dist/fonts/type1/public/cm-super/sfbx1200.pfb></usr/local
/texlive/2014/texmf-dist/fonts/type1/public/cm-super/sfbx1440.pfb></usr/local/t
exlive/2014/texmf-dist/fonts/type1/public/cm-super/sfbx2074.pfb></usr/local/tex
live/2014/texmf-dist/fonts/type1/public/cm-super/sfbx2488.pfb></usr/local/texli
ve/2014/texmf-dist/fonts/type1/public/cm-super/sfrm0600.pfb></usr/local/texlive
/2014/texmf-dist/fonts/type1/public/cm-super/sfrm0700.pfb></usr/local/texlive/2
014/texmf-dist/fonts/type1/public/cm-super/sfrm0800.pfb></usr/local/texlive/201
4/texmf-dist/fonts/type1/public/cm-super/sfrm1000.pfb></usr/local/texlive/2014/
texmf-dist/fonts/type1/public/cm-super/sfrm1200.pfb></usr/local/texlive/2014/te
xmf-dist/fonts/type1/public/cm-super/sfrm1440.pfb></usr/local/texlive/2014/texm
f-dist/fonts/type1/public/cm-super/sfrm1728.pfb></usr/local/texlive/2014/texmf-
dist/fonts/type1/public/cm-super/sfrm2488.pfb></usr/local/texlive/2014/texmf-di
st/fonts/type1/public/cm-super/sfti0800.pfb></usr/local/texlive/2014/texmf-dist
/fonts/type1/public/cm-super/sfti1000.pfb></usr/local/texlive/2014/texmf-dist/f
onts/type1/public/cm-super/sftt1000.pfb>
Output written on eyesj_trCH1CH2.pdf (31 pages, 2012496 bytes).
PDF statistics:
 312 PDF objects out of 1000 (max. 8388607)
 171 compressed objects within 2 object streams
 0 named destinations out of 1000 (max. 500000)
 216 words of extra memory for PDF output out of 10000 (max. 10000000)

